<?xml version="1.0" encoding="UTF-8"?>
<testng-results ignored="0" total="18" passed="17" failed="1" skipped="0">
  <reporter-output>
  </reporter-output>
  <suite started-at="2024-11-03T16:38:30 IST" name="TestNG Regression Suite" finished-at="2024-11-03T16:38:42 IST" duration-ms="12006">
    <groups>
    </groups>
    <test started-at="2024-11-03T16:38:30 IST" name="Login page Tests" finished-at="2024-11-03T16:38:40 IST" duration-ms="9911">
      <class name="com.qa.opencart.tests.LoginPageTest">
        <test-method is-config="true" signature="setup()[pri:0, instance:com.qa.opencart.tests.LoginPageTest@4b3ed2f0]" started-at="2024-11-03T16:38:30 IST" name="setup" finished-at="2024-11-03T16:38:32 IST" duration-ms="2667" status="PASS">
          <reporter-output>
          </reporter-output>
        </test-method> <!-- setup -->
        <test-method signature="LogoImageExistTest()[pri:0, instance:com.qa.opencart.tests.LoginPageTest@4b3ed2f0]" started-at="2024-11-03T16:38:32 IST" name="LogoImageExistTest" finished-at="2024-11-03T16:38:33 IST" duration-ms="74" status="PASS">
          <reporter-output>
          </reporter-output>
        </test-method> <!-- LogoImageExistTest -->
        <test-method signature="forgotPwdLinkExistTest()[pri:0, instance:com.qa.opencart.tests.LoginPageTest@4b3ed2f0]" started-at="2024-11-03T16:38:33 IST" name="forgotPwdLinkExistTest" finished-at="2024-11-03T16:38:33 IST" duration-ms="40" status="PASS">
          <reporter-output>
          </reporter-output>
        </test-method> <!-- forgotPwdLinkExistTest -->
        <test-method signature="loginPageTitleTest()[pri:0, instance:com.qa.opencart.tests.LoginPageTest@4b3ed2f0]" started-at="2024-11-03T16:38:33 IST" name="loginPageTitleTest" finished-at="2024-11-03T16:38:38 IST" duration-ms="5204" status="FAIL">
          <exception class="java.lang.AssertionError">
            <message>
              <![CDATA[expected [Account Login1] but found [-1]]]>
            </message>
            <full-stacktrace>
              <![CDATA[java.lang.AssertionError: expected [Account Login1] but found [-1]
at org.testng.Assert.fail(Assert.java:110)
at org.testng.Assert.failNotEquals(Assert.java:1413)
at org.testng.Assert.assertEqualsImpl(Assert.java:149)
at org.testng.Assert.assertEquals(Assert.java:131)
at org.testng.Assert.assertEquals(Assert.java:655)
at org.testng.Assert.assertEquals(Assert.java:665)
at com.qa.opencart.tests.LoginPageTest.loginPageTitleTest(LoginPageTest.java:21)
at java.base/jdk.internal.reflect.NativeMethodAccessorImpl.invoke0(Native Method)
at java.base/jdk.internal.reflect.NativeMethodAccessorImpl.invoke(NativeMethodAccessorImpl.java:62)
at java.base/jdk.internal.reflect.DelegatingMethodAccessorImpl.invoke(DelegatingMethodAccessorImpl.java:43)
at java.base/java.lang.reflect.Method.invoke(Method.java:566)
at org.testng.internal.invokers.MethodInvocationHelper.invokeMethod(MethodInvocationHelper.java:139)
at org.testng.internal.invokers.TestInvoker.invokeMethod(TestInvoker.java:677)
at org.testng.internal.invokers.TestInvoker.invokeTestMethod(TestInvoker.java:221)
at org.testng.internal.invokers.MethodRunner.runInSequence(MethodRunner.java:50)
at org.testng.internal.invokers.TestInvoker$MethodInvocationAgent.invoke(TestInvoker.java:969)
at org.testng.internal.invokers.TestInvoker.invokeTestMethods(TestInvoker.java:194)
at org.testng.internal.invokers.TestMethodWorker.invokeTestMethods(TestMethodWorker.java:148)
at org.testng.internal.invokers.TestMethodWorker.run(TestMethodWorker.java:128)
at java.base/java.util.ArrayList.forEach(ArrayList.java:1541)
at org.testng.TestRunner.privateRun(TestRunner.java:829)
at org.testng.TestRunner.run(TestRunner.java:602)
at org.testng.SuiteRunner.runTest(SuiteRunner.java:437)
at org.testng.SuiteRunner$SuiteWorker.run(SuiteRunner.java:475)
at org.testng.internal.thread.ThreadUtil.lambda$execute$0(ThreadUtil.java:58)
at java.base/java.util.concurrent.FutureTask.run(FutureTask.java:264)
at java.base/java.util.concurrent.ThreadPoolExecutor.runWorker(ThreadPoolExecutor.java:1128)
at java.base/java.util.concurrent.ThreadPoolExecutor$Worker.run(ThreadPoolExecutor.java:628)
at java.base/java.lang.Thread.run(Thread.java:834)
]]>
            </full-stacktrace>
          </exception> <!-- java.lang.AssertionError -->
          <reporter-output>
          </reporter-output>
        </test-method> <!-- loginPageTitleTest -->
        <test-method signature="loginPageUrlTest()[pri:0, instance:com.qa.opencart.tests.LoginPageTest@4b3ed2f0]" started-at="2024-11-03T16:38:38 IST" name="loginPageUrlTest" finished-at="2024-11-03T16:38:38 IST" duration-ms="24" status="PASS">
          <reporter-output>
          </reporter-output>
        </test-method> <!-- loginPageUrlTest -->
        <test-method signature="doLoginTest()[pri:2147483647, instance:com.qa.opencart.tests.LoginPageTest@4b3ed2f0]" started-at="2024-11-03T16:38:39 IST" name="doLoginTest" finished-at="2024-11-03T16:38:39 IST" duration-ms="789" status="PASS">
          <reporter-output>
          </reporter-output>
        </test-method> <!-- doLoginTest -->
        <test-method is-config="true" signature="tearDown()[pri:0, instance:com.qa.opencart.tests.LoginPageTest@4b3ed2f0]" started-at="2024-11-03T16:38:39 IST" name="tearDown" finished-at="2024-11-03T16:38:40 IST" duration-ms="180" status="PASS">
          <reporter-output>
          </reporter-output>
        </test-method> <!-- tearDown -->
      </class> <!-- com.qa.opencart.tests.LoginPageTest -->
    </test> <!-- Login page Tests -->
    <test started-at="2024-11-03T16:38:30 IST" name="Account page Test" finished-at="2024-11-03T16:38:42 IST" duration-ms="12006">
      <class name="com.qa.opencart.tests.AccountPageTest">
        <test-method is-config="true" signature="setup()[pri:0, instance:com.qa.opencart.tests.AccountPageTest@25bfcafd]" started-at="2024-11-03T16:38:30 IST" name="setup" finished-at="2024-11-03T16:38:33 IST" duration-ms="2760" status="PASS">
          <reporter-output>
          </reporter-output>
        </test-method> <!-- setup -->
        <test-method is-config="true" signature="AccountPageSetup()[pri:0, instance:com.qa.opencart.tests.AccountPageTest@25bfcafd]" started-at="2024-11-03T16:38:33 IST" name="AccountPageSetup" finished-at="2024-11-03T16:38:33 IST" duration-ms="737" status="PASS">
          <reporter-output>
          </reporter-output>
        </test-method> <!-- AccountPageSetup -->
        <test-method signature="AccountpagHeaderTest()[pri:0, instance:com.qa.opencart.tests.AccountPageTest@25bfcafd]" started-at="2024-11-03T16:38:33 IST" name="AccountpagHeaderTest" finished-at="2024-11-03T16:38:33 IST" duration-ms="85" status="PASS">
          <reporter-output>
          </reporter-output>
        </test-method> <!-- AccountpagHeaderTest -->
        <test-method signature="accountPageHearderCountTest()[pri:0, instance:com.qa.opencart.tests.AccountPageTest@25bfcafd]" started-at="2024-11-03T16:38:33 IST" name="accountPageHearderCountTest" finished-at="2024-11-03T16:38:34 IST" duration-ms="53" status="PASS">
          <reporter-output>
          </reporter-output>
        </test-method> <!-- accountPageHearderCountTest -->
        <test-method signature="accountPageTiltleTest()[pri:0, instance:com.qa.opencart.tests.AccountPageTest@25bfcafd]" started-at="2024-11-03T16:38:34 IST" name="accountPageTiltleTest" finished-at="2024-11-03T16:38:34 IST" duration-ms="17" status="PASS">
          <reporter-output>
          </reporter-output>
        </test-method> <!-- accountPageTiltleTest -->
        <test-method signature="isLogoutLinkExistsTest()[pri:0, instance:com.qa.opencart.tests.AccountPageTest@25bfcafd]" started-at="2024-11-03T16:38:34 IST" name="isLogoutLinkExistsTest" finished-at="2024-11-03T16:38:34 IST" duration-ms="32" status="PASS">
          <reporter-output>
          </reporter-output>
        </test-method> <!-- isLogoutLinkExistsTest -->
        <test-method signature="searchCountTest(java.lang.String,int)[pri:0, instance:com.qa.opencart.tests.AccountPageTest@25bfcafd]" started-at="2024-11-03T16:38:34 IST" name="searchCountTest" data-provider="getSearchKey" finished-at="2024-11-03T16:38:34 IST" duration-ms="545" status="PASS">
          <params>
            <param index="0">
              <value>
                <![CDATA[macbook]]>
              </value>
            </param>
            <param index="1">
              <value>
                <![CDATA[3]]>
              </value>
            </param>
          </params>
          <reporter-output>
          </reporter-output>
        </test-method> <!-- searchCountTest -->
        <test-method signature="searchCountTest(java.lang.String,int)[pri:0, instance:com.qa.opencart.tests.AccountPageTest@25bfcafd]" started-at="2024-11-03T16:38:35 IST" name="searchCountTest" data-provider="getSearchKey" finished-at="2024-11-03T16:38:35 IST" duration-ms="406" status="PASS">
          <params>
            <param index="0">
              <value>
                <![CDATA[samsung]]>
              </value>
            </param>
            <param index="1">
              <value>
                <![CDATA[2]]>
              </value>
            </param>
          </params>
          <reporter-output>
          </reporter-output>
        </test-method> <!-- searchCountTest -->
        <test-method signature="searchCountTest(java.lang.String,int)[pri:0, instance:com.qa.opencart.tests.AccountPageTest@25bfcafd]" started-at="2024-11-03T16:38:35 IST" name="searchCountTest" data-provider="getSearchKey" finished-at="2024-11-03T16:38:35 IST" duration-ms="384" status="PASS">
          <params>
            <param index="0">
              <value>
                <![CDATA[iMac]]>
              </value>
            </param>
            <param index="1">
              <value>
                <![CDATA[1]]>
              </value>
            </param>
          </params>
          <reporter-output>
          </reporter-output>
        </test-method> <!-- searchCountTest -->
        <test-method signature="searchTest(java.lang.String,java.lang.String)[pri:0, instance:com.qa.opencart.tests.AccountPageTest@25bfcafd]" started-at="2024-11-03T16:38:36 IST" name="searchTest" data-provider="getSearchData" finished-at="2024-11-03T16:38:37 IST" duration-ms="889" status="PASS">
          <params>
            <param index="0">
              <value>
                <![CDATA[macbook]]>
              </value>
            </param>
            <param index="1">
              <value>
                <![CDATA[MacBook]]>
              </value>
            </param>
          </params>
          <reporter-output>
          </reporter-output>
        </test-method> <!-- searchTest -->
        <test-method signature="searchTest(java.lang.String,java.lang.String)[pri:0, instance:com.qa.opencart.tests.AccountPageTest@25bfcafd]" started-at="2024-11-03T16:38:37 IST" name="searchTest" data-provider="getSearchData" finished-at="2024-11-03T16:38:37 IST" duration-ms="795" status="PASS">
          <params>
            <param index="0">
              <value>
                <![CDATA[macbook]]>
              </value>
            </param>
            <param index="1">
              <value>
                <![CDATA[MacBook Pro]]>
              </value>
            </param>
          </params>
          <reporter-output>
          </reporter-output>
        </test-method> <!-- searchTest -->
        <test-method signature="searchTest(java.lang.String,java.lang.String)[pri:0, instance:com.qa.opencart.tests.AccountPageTest@25bfcafd]" started-at="2024-11-03T16:38:38 IST" name="searchTest" data-provider="getSearchData" finished-at="2024-11-03T16:38:38 IST" duration-ms="806" status="PASS">
          <params>
            <param index="0">
              <value>
                <![CDATA[macbook]]>
              </value>
            </param>
            <param index="1">
              <value>
                <![CDATA[MacBook Air]]>
              </value>
            </param>
          </params>
          <reporter-output>
          </reporter-output>
        </test-method> <!-- searchTest -->
        <test-method signature="searchTest(java.lang.String,java.lang.String)[pri:0, instance:com.qa.opencart.tests.AccountPageTest@25bfcafd]" started-at="2024-11-03T16:38:39 IST" name="searchTest" data-provider="getSearchData" finished-at="2024-11-03T16:38:39 IST" duration-ms="761" status="PASS">
          <params>
            <param index="0">
              <value>
                <![CDATA[samsung]]>
              </value>
            </param>
            <param index="1">
              <value>
                <![CDATA[Samsung SyncMaster 941BW]]>
              </value>
            </param>
          </params>
          <reporter-output>
          </reporter-output>
        </test-method> <!-- searchTest -->
        <test-method signature="searchTest(java.lang.String,java.lang.String)[pri:0, instance:com.qa.opencart.tests.AccountPageTest@25bfcafd]" started-at="2024-11-03T16:38:40 IST" name="searchTest" data-provider="getSearchData" finished-at="2024-11-03T16:38:40 IST" duration-ms="886" status="PASS">
          <params>
            <param index="0">
              <value>
                <![CDATA[samsung]]>
              </value>
            </param>
            <param index="1">
              <value>
                <![CDATA[Samsung Galaxy Tab 10.1]]>
              </value>
            </param>
          </params>
          <reporter-output>
          </reporter-output>
        </test-method> <!-- searchTest -->
        <test-method signature="searchTest(java.lang.String,java.lang.String)[pri:0, instance:com.qa.opencart.tests.AccountPageTest@25bfcafd]" started-at="2024-11-03T16:38:41 IST" name="searchTest" data-provider="getSearchData" finished-at="2024-11-03T16:38:41 IST" duration-ms="815" status="PASS">
          <params>
            <param index="0">
              <value>
                <![CDATA[iMac]]>
              </value>
            </param>
            <param index="1">
              <value>
                <![CDATA[iMac]]>
              </value>
            </param>
          </params>
          <reporter-output>
          </reporter-output>
        </test-method> <!-- searchTest -->
        <test-method is-config="true" signature="tearDown()[pri:0, instance:com.qa.opencart.tests.AccountPageTest@25bfcafd]" started-at="2024-11-03T16:38:42 IST" name="tearDown" finished-at="2024-11-03T16:38:42 IST" duration-ms="132" status="PASS">
          <reporter-output>
          </reporter-output>
        </test-method> <!-- tearDown -->
      </class> <!-- com.qa.opencart.tests.AccountPageTest -->
    </test> <!-- Account page Test -->
  </suite> <!-- TestNG Regression Suite -->
</testng-results>
